d:\amrmoataz--w\projects\opengl\project template 3.3\graphics l1\debug\tmp\vc140.pdb
d:\amrmoataz--w\projects\opengl\project template 3.3\graphics l1\debug\tmp\vc140.idb
d:\amrmoataz--w\projects\opengl\project template 3.3\graphics l1\debug\tmp\firstpersoncamera.obj
d:\amrmoataz--w\projects\opengl\project template 3.3\graphics l1\debug\tmp\light.obj
d:\amrmoataz--w\projects\opengl\project template 3.3\graphics l1\debug\tmp\md2leagueoflegend.obj
d:\amrmoataz--w\projects\opengl\project template 3.3\graphics l1\debug\tmp\md3.obj
d:\amrmoataz--w\projects\opengl\project template 3.3\graphics l1\debug\tmp\renderer.obj
d:\amrmoataz--w\projects\opengl\project template 3.3\graphics l1\debug\tmp\keyframeanimationshader.obj
d:\amrmoataz--w\projects\opengl\project template 3.3\graphics l1\debug\tmp\main.obj
d:\amrmoataz--w\projects\opengl\project template 3.3\graphics l1\debug\tmp\md2model.obj
d:\amrmoataz--w\projects\opengl\project template 3.3\graphics l1\debug\tmp\model.obj
d:\amrmoataz--w\projects\opengl\project template 3.3\graphics l1\debug\tmp\model3d.obj
d:\amrmoataz--w\projects\opengl\project template 3.3\graphics l1\debug\tmp\modelnode.obj
d:\amrmoataz--w\projects\opengl\project template 3.3\graphics l1\debug\tmp\shader.obj
d:\amrmoataz--w\projects\opengl\project template 3.3\graphics l1\debug\tmp\shaderprogram.obj
d:\amrmoataz--w\projects\opengl\project template 3.3\graphics l1\debug\tmp\texture.obj
d:\amrmoataz--w\projects\opengl\project template 3.3\graphics l1\debug\tmp\texturedmodel.obj
d:\amrmoataz--w\projects\opengl\project template 3.3\graphics l1\debug\tmp\vertexbufferobject.obj
d:\amrmoataz--w\projects\opengl\project template 3.3\graphics l1\debug\tmp\stb_image.obj
d:\amrmoataz--w\projects\opengl\project template 3.3\debug\graphics l1.ilk
d:\amrmoataz--w\projects\opengl\project template 3.3\debug\graphics l1.exe
d:\amrmoataz--w\projects\opengl\project template 3.3\debug\graphics l1.pdb
d:\amrmoataz--w\projects\opengl\project template 3.3\graphics l1\debug\tmp\graphics l1.tlog\cl.command.1.tlog
d:\amrmoataz--w\projects\opengl\project template 3.3\graphics l1\debug\tmp\graphics l1.tlog\cl.read.1.tlog
d:\amrmoataz--w\projects\opengl\project template 3.3\graphics l1\debug\tmp\graphics l1.tlog\cl.write.1.tlog
d:\amrmoataz--w\projects\opengl\project template 3.3\graphics l1\debug\tmp\graphics l1.tlog\link.command.1.tlog
d:\amrmoataz--w\projects\opengl\project template 3.3\graphics l1\debug\tmp\graphics l1.tlog\link.read.1.tlog
d:\amrmoataz--w\projects\opengl\project template 3.3\graphics l1\debug\tmp\graphics l1.tlog\link.write.1.tlog
